<?xml version="1.0" encoding="UTF-8"?>
<!-- Generated by org.testng.reporters.JUnitXMLReporter -->
<testsuite ignored="0" hostname="AELPT-1466" failures="0" tests="19" name="Test" time="5.561" errors="0" timestamp="2023-08-24T17:12:14 GMT-04:00">
  <testcase classname="com.nt.servlet.ExtendReportTestNG" name="@BeforeMethod setup1" time="2.252">
    <failure type="org.openqa.selenium.SessionNotCreatedException" message="session not created: This version of ChromeDriver only supports Chrome version 114
Current browser version is 116.0.5845.110 with binary path C:\Program Files\Google\Chrome\Application\chrome.exe
Build info: version: &amp;apos;3.141.59&amp;apos;, revision: &amp;apos;e82be7d358&amp;apos;, time: &amp;apos;2018-11-14T08:17:03&amp;apos;
System info: host: &amp;apos;AELPT-1466&amp;apos;, ip: &amp;apos;192.168.1.56&amp;apos;, os.name: &amp;apos;Windows 10&amp;apos;, os.arch: &amp;apos;amd64&amp;apos;, os.version: &amp;apos;10.0&amp;apos;, java.version: &amp;apos;17.0.8&amp;apos;
Driver info: driver.version: ChromeDriver
remote stacktrace: Backtrace:
	GetHandleVerifier [0x0038A813+48355]
	(No symbol) [0x0031C4B1]
	(No symbol) [0x00225358]
	(No symbol) [0x002461AC]
	(No symbol) [0x00241EF3]
	(No symbol) [0x00240579]
	(No symbol) [0x00270C55]
	(No symbol) [0x0027093C]
	(No symbol) [0x0026A536]
	(No symbol) [0x002482DC]
	(No symbol) [0x002493DD]
	GetHandleVerifier [0x005EAABD+2539405]
	GetHandleVerifier [0x0062A78F+2800735]
	GetHandleVerifier [0x0062456C+2775612]
	GetHandleVerifier [0x004151E0+616112]
	(No symbol) [0x00325F8C]
	(No symbol) [0x00322328]
	(No symbol) [0x0032240B]
	(No symbol) [0x00314FF7]
	BaseThreadInitThunk [0x75EF00C9+25]
	RtlGetAppContainerNamedObjectPath [0x77AE7B1E+286]
	RtlGetAppContainerNamedObjectPath [0x77AE7AEE+238]
">
      <![CDATA[org.openqa.selenium.SessionNotCreatedException: session not created: This version of ChromeDriver only supports Chrome version 114
Current browser version is 116.0.5845.110 with binary path C:\Program Files\Google\Chrome\Application\chrome.exe
Build info: version: '3.141.59', revision: 'e82be7d358', time: '2018-11-14T08:17:03'
System info: host: 'AELPT-1466', ip: '192.168.1.56', os.name: 'Windows 10', os.arch: 'amd64', os.version: '10.0', java.version: '17.0.8'
Driver info: driver.version: ChromeDriver
remote stacktrace: Backtrace:
GetHandleVerifier [0x0038A813+48355]
(No symbol) [0x0031C4B1]
(No symbol) [0x00225358]
(No symbol) [0x002461AC]
(No symbol) [0x00241EF3]
(No symbol) [0x00240579]
(No symbol) [0x00270C55]
(No symbol) [0x0027093C]
(No symbol) [0x0026A536]
(No symbol) [0x002482DC]
(No symbol) [0x002493DD]
GetHandleVerifier [0x005EAABD+2539405]
GetHandleVerifier [0x0062A78F+2800735]
GetHandleVerifier [0x0062456C+2775612]
GetHandleVerifier [0x004151E0+616112]
(No symbol) [0x00325F8C]
(No symbol) [0x00322328]
(No symbol) [0x0032240B]
(No symbol) [0x00314FF7]
BaseThreadInitThunk [0x75EF00C9+25]
RtlGetAppContainerNamedObjectPath [0x77AE7B1E+286]
RtlGetAppContainerNamedObjectPath [0x77AE7AEE+238]

at org.openqa.selenium.remote.W3CHandshakeResponse.lambda$errorHandler$0(W3CHandshakeResponse.java:62)
at org.openqa.selenium.remote.HandshakeResponse.lambda$getResponseFunction$0(HandshakeResponse.java:30)
at org.openqa.selenium.remote.ProtocolHandshake.lambda$createSession$0(ProtocolHandshake.java:126)
at java.base/java.util.stream.ReferencePipeline$3$1.accept(ReferencePipeline.java:197)
at java.base/java.util.Spliterators$ArraySpliterator.tryAdvance(Spliterators.java:1002)
at java.base/java.util.stream.ReferencePipeline.forEachWithCancel(ReferencePipeline.java:129)
at java.base/java.util.stream.AbstractPipeline.copyIntoWithCancel(AbstractPipeline.java:527)
at java.base/java.util.stream.AbstractPipeline.copyInto(AbstractPipeline.java:513)
at java.base/java.util.stream.AbstractPipeline.wrapAndCopyInto(AbstractPipeline.java:499)
at java.base/java.util.stream.FindOps$FindOp.evaluateSequential(FindOps.java:150)
at java.base/java.util.stream.AbstractPipeline.evaluate(AbstractPipeline.java:234)
at java.base/java.util.stream.ReferencePipeline.findFirst(ReferencePipeline.java:647)
at org.openqa.selenium.remote.ProtocolHandshake.createSession(ProtocolHandshake.java:128)
at org.openqa.selenium.remote.ProtocolHandshake.createSession(ProtocolHandshake.java:74)
at org.openqa.selenium.remote.HttpCommandExecutor.execute(HttpCommandExecutor.java:136)
at org.openqa.selenium.remote.service.DriverCommandExecutor.execute(DriverCommandExecutor.java:83)
at org.openqa.selenium.remote.RemoteWebDriver.execute(RemoteWebDriver.java:552)
at org.openqa.selenium.remote.RemoteWebDriver.startSession(RemoteWebDriver.java:213)
at org.openqa.selenium.remote.RemoteWebDriver.<init>(RemoteWebDriver.java:131)
at org.openqa.selenium.chrome.ChromeDriver.<init>(ChromeDriver.java:181)
at org.openqa.selenium.chrome.ChromeDriver.<init>(ChromeDriver.java:168)
at org.openqa.selenium.chrome.ChromeDriver.<init>(ChromeDriver.java:123)
at com.nt.servlet.ExtendReportTestNG.setup1(ExtendReportTestNG.java:48)
at java.base/java.util.ArrayList.forEach(ArrayList.java:1511)
... Removed 36 stack frames]]>
    </failure>
  </testcase> <!-- @BeforeMethod setup1 -->
  <testcase classname="com.nt.servlet.ExtendReportTestNG" name="@AfterMethod getResult" time="0.0">
    <skipped/>
  </testcase> <!-- @AfterMethod getResult -->
  <testcase classname="com.nt.servlet.ExtendReportTestNG" name="@BeforeMethod setup1" time="0.0">
    <skipped/>
  </testcase> <!-- @BeforeMethod setup1 -->
  <testcase classname="com.nt.servlet.ExtendReportTestNG" name="@AfterMethod getResult" time="0.0">
    <skipped/>
  </testcase> <!-- @AfterMethod getResult -->
  <testcase classname="com.nt.servlet.ExtendReportTestNG" name="@BeforeMethod setup1" time="0.0">
    <skipped/>
  </testcase> <!-- @BeforeMethod setup1 -->
  <testcase classname="com.nt.servlet.ExtendReportTestNG" name="@AfterMethod getResult" time="0.0">
    <skipped/>
  </testcase> <!-- @AfterMethod getResult -->
  <testcase classname="com.nt.servlet.ExtendReportTestNG" name="@BeforeMethod setup1" time="0.0">
    <skipped/>
  </testcase> <!-- @BeforeMethod setup1 -->
  <testcase classname="com.nt.servlet.ExtendReportTestNG" name="@AfterMethod getResult" time="0.0">
    <skipped/>
  </testcase> <!-- @AfterMethod getResult -->
  <testcase classname="com.nt.servlet.ExtendReportTestNG" name="@BeforeMethod setup1" time="0.0">
    <skipped/>
  </testcase> <!-- @BeforeMethod setup1 -->
  <testcase classname="com.nt.servlet.ExtendReportTestNG" name="@AfterMethod getResult" time="0.0">
    <skipped/>
  </testcase> <!-- @AfterMethod getResult -->
  <testcase classname="com.nt.servlet.ExtendReportTestNG" name="@BeforeMethod setup1" time="0.0">
    <skipped/>
  </testcase> <!-- @BeforeMethod setup1 -->
  <testcase classname="com.nt.servlet.ExtendReportTestNG" name="@AfterMethod getResult" time="0.0">
    <skipped/>
  </testcase> <!-- @AfterMethod getResult -->
  <testcase classname="com.nt.servlet.ExtendReportTestNG" name="@BeforeMethod setup1" time="0.0">
    <skipped/>
  </testcase> <!-- @BeforeMethod setup1 -->
  <testcase classname="com.nt.servlet.ExtendReportTestNG" name="@AfterMethod getResult" time="0.0">
    <skipped/>
  </testcase> <!-- @AfterMethod getResult -->
  <testcase classname="com.nt.servlet.ExtendReportTestNG" name="@BeforeMethod setup1" time="0.0">
    <skipped/>
  </testcase> <!-- @BeforeMethod setup1 -->
  <testcase classname="com.nt.servlet.ExtendReportTestNG" name="@AfterMethod getResult" time="0.0">
    <skipped/>
  </testcase> <!-- @AfterMethod getResult -->
  <testcase classname="com.nt.servlet.TenantScripte" name="@BeforeMethod setup1" time="2.023">
    <failure type="org.openqa.selenium.SessionNotCreatedException" message="session not created: This version of ChromeDriver only supports Chrome version 114
Current browser version is 116.0.5845.110 with binary path C:\Program Files\Google\Chrome\Application\chrome.exe
Build info: version: &amp;apos;3.141.59&amp;apos;, revision: &amp;apos;e82be7d358&amp;apos;, time: &amp;apos;2018-11-14T08:17:03&amp;apos;
System info: host: &amp;apos;AELPT-1466&amp;apos;, ip: &amp;apos;192.168.1.56&amp;apos;, os.name: &amp;apos;Windows 10&amp;apos;, os.arch: &amp;apos;amd64&amp;apos;, os.version: &amp;apos;10.0&amp;apos;, java.version: &amp;apos;17.0.8&amp;apos;
Driver info: driver.version: ChromeDriver
remote stacktrace: Backtrace:
	GetHandleVerifier [0x0038A813+48355]
	(No symbol) [0x0031C4B1]
	(No symbol) [0x00225358]
	(No symbol) [0x002461AC]
	(No symbol) [0x00241EF3]
	(No symbol) [0x00240579]
	(No symbol) [0x00270C55]
	(No symbol) [0x0027093C]
	(No symbol) [0x0026A536]
	(No symbol) [0x002482DC]
	(No symbol) [0x002493DD]
	GetHandleVerifier [0x005EAABD+2539405]
	GetHandleVerifier [0x0062A78F+2800735]
	GetHandleVerifier [0x0062456C+2775612]
	GetHandleVerifier [0x004151E0+616112]
	(No symbol) [0x00325F8C]
	(No symbol) [0x00322328]
	(No symbol) [0x0032240B]
	(No symbol) [0x00314FF7]
	BaseThreadInitThunk [0x75EF00C9+25]
	RtlGetAppContainerNamedObjectPath [0x77AE7B1E+286]
	RtlGetAppContainerNamedObjectPath [0x77AE7AEE+238]
">
      <![CDATA[org.openqa.selenium.SessionNotCreatedException: session not created: This version of ChromeDriver only supports Chrome version 114
Current browser version is 116.0.5845.110 with binary path C:\Program Files\Google\Chrome\Application\chrome.exe
Build info: version: '3.141.59', revision: 'e82be7d358', time: '2018-11-14T08:17:03'
System info: host: 'AELPT-1466', ip: '192.168.1.56', os.name: 'Windows 10', os.arch: 'amd64', os.version: '10.0', java.version: '17.0.8'
Driver info: driver.version: ChromeDriver
remote stacktrace: Backtrace:
GetHandleVerifier [0x0038A813+48355]
(No symbol) [0x0031C4B1]
(No symbol) [0x00225358]
(No symbol) [0x002461AC]
(No symbol) [0x00241EF3]
(No symbol) [0x00240579]
(No symbol) [0x00270C55]
(No symbol) [0x0027093C]
(No symbol) [0x0026A536]
(No symbol) [0x002482DC]
(No symbol) [0x002493DD]
GetHandleVerifier [0x005EAABD+2539405]
GetHandleVerifier [0x0062A78F+2800735]
GetHandleVerifier [0x0062456C+2775612]
GetHandleVerifier [0x004151E0+616112]
(No symbol) [0x00325F8C]
(No symbol) [0x00322328]
(No symbol) [0x0032240B]
(No symbol) [0x00314FF7]
BaseThreadInitThunk [0x75EF00C9+25]
RtlGetAppContainerNamedObjectPath [0x77AE7B1E+286]
RtlGetAppContainerNamedObjectPath [0x77AE7AEE+238]

at org.openqa.selenium.remote.W3CHandshakeResponse.lambda$errorHandler$0(W3CHandshakeResponse.java:62)
at org.openqa.selenium.remote.HandshakeResponse.lambda$getResponseFunction$0(HandshakeResponse.java:30)
at org.openqa.selenium.remote.ProtocolHandshake.lambda$createSession$0(ProtocolHandshake.java:126)
at java.base/java.util.stream.ReferencePipeline$3$1.accept(ReferencePipeline.java:197)
at java.base/java.util.Spliterators$ArraySpliterator.tryAdvance(Spliterators.java:1002)
at java.base/java.util.stream.ReferencePipeline.forEachWithCancel(ReferencePipeline.java:129)
at java.base/java.util.stream.AbstractPipeline.copyIntoWithCancel(AbstractPipeline.java:527)
at java.base/java.util.stream.AbstractPipeline.copyInto(AbstractPipeline.java:513)
at java.base/java.util.stream.AbstractPipeline.wrapAndCopyInto(AbstractPipeline.java:499)
at java.base/java.util.stream.FindOps$FindOp.evaluateSequential(FindOps.java:150)
at java.base/java.util.stream.AbstractPipeline.evaluate(AbstractPipeline.java:234)
at java.base/java.util.stream.ReferencePipeline.findFirst(ReferencePipeline.java:647)
at org.openqa.selenium.remote.ProtocolHandshake.createSession(ProtocolHandshake.java:128)
at org.openqa.selenium.remote.ProtocolHandshake.createSession(ProtocolHandshake.java:74)
at org.openqa.selenium.remote.HttpCommandExecutor.execute(HttpCommandExecutor.java:136)
at org.openqa.selenium.remote.service.DriverCommandExecutor.execute(DriverCommandExecutor.java:83)
at org.openqa.selenium.remote.RemoteWebDriver.execute(RemoteWebDriver.java:552)
at org.openqa.selenium.remote.RemoteWebDriver.startSession(RemoteWebDriver.java:213)
at org.openqa.selenium.remote.RemoteWebDriver.<init>(RemoteWebDriver.java:131)
at org.openqa.selenium.chrome.ChromeDriver.<init>(ChromeDriver.java:181)
at org.openqa.selenium.chrome.ChromeDriver.<init>(ChromeDriver.java:168)
at org.openqa.selenium.chrome.ChromeDriver.<init>(ChromeDriver.java:123)
at com.nt.servlet.TenantScripte.setup1(TenantScripte.java:84)
at java.base/java.util.ArrayList.forEach(ArrayList.java:1511)
... Removed 36 stack frames]]>
    </failure>
  </testcase> <!-- @BeforeMethod setup1 -->
  <testcase classname="com.nt.servlet.TenantScripte" name="@AfterMethod getResult" time="0.0">
    <skipped/>
  </testcase> <!-- @AfterMethod getResult -->
  <testcase classname="com.nt.servlet.TenantScripte" name="@BeforeMethod setup1" time="0.0">
    <skipped/>
  </testcase> <!-- @BeforeMethod setup1 -->
  <testcase classname="com.nt.servlet.TenantScripte" name="@AfterMethod getResult" time="0.0">
    <skipped/>
  </testcase> <!-- @AfterMethod getResult -->
  <testcase classname="com.nt.servlet.TenantScripte" name="@BeforeMethod setup1" time="0.0">
    <skipped/>
  </testcase> <!-- @BeforeMethod setup1 -->
  <testcase classname="com.nt.servlet.TenantScripte" name="@AfterMethod getResult" time="0.0">
    <skipped/>
  </testcase> <!-- @AfterMethod getResult -->
  <testcase classname="com.nt.servlet.TenantScripte" name="@BeforeMethod setup1" time="0.0">
    <skipped/>
  </testcase> <!-- @BeforeMethod setup1 -->
  <testcase classname="com.nt.servlet.TenantScripte" name="@AfterMethod getResult" time="0.0">
    <skipped/>
  </testcase> <!-- @AfterMethod getResult -->
  <testcase classname="com.nt.servlet.TenantScripte" name="@BeforeMethod setup1" time="0.0">
    <skipped/>
  </testcase> <!-- @BeforeMethod setup1 -->
  <testcase classname="com.nt.servlet.TenantScripte" name="@AfterMethod getResult" time="0.0">
    <skipped/>
  </testcase> <!-- @AfterMethod getResult -->
  <testcase classname="com.nt.servlet.TenantScripte" name="@BeforeMethod setup1" time="0.0">
    <skipped/>
  </testcase> <!-- @BeforeMethod setup1 -->
  <testcase classname="com.nt.servlet.TenantScripte" name="@AfterMethod getResult" time="0.0">
    <skipped/>
  </testcase> <!-- @AfterMethod getResult -->
  <testcase classname="com.nt.servlet.TenantScripte" name="@BeforeMethod setup1" time="0.0">
    <skipped/>
  </testcase> <!-- @BeforeMethod setup1 -->
  <testcase classname="com.nt.servlet.TenantScripte" name="@AfterMethod getResult" time="0.0">
    <skipped/>
  </testcase> <!-- @AfterMethod getResult -->
  <testcase classname="com.nt.servlet.TenantScripte" name="@BeforeMethod setup1" time="0.0">
    <skipped/>
  </testcase> <!-- @BeforeMethod setup1 -->
  <testcase classname="com.nt.servlet.TenantScripte" name="@AfterMethod getResult" time="0.0">
    <skipped/>
  </testcase> <!-- @AfterMethod getResult -->
  <testcase classname="com.nt.servlet.TenantScripte" name="@BeforeMethod setup1" time="0.0">
    <skipped/>
  </testcase> <!-- @BeforeMethod setup1 -->
  <testcase classname="com.nt.servlet.TenantScripte" name="@AfterMethod getResult" time="0.0">
    <skipped/>
  </testcase> <!-- @AfterMethod getResult -->
  <testcase classname="com.nt.servlet.TenantScripte" name="@BeforeMethod setup1" time="0.0">
    <skipped/>
  </testcase> <!-- @BeforeMethod setup1 -->
  <testcase classname="com.nt.servlet.TenantScripte" name="@AfterMethod getResult" time="0.0">
    <skipped/>
  </testcase> <!-- @AfterMethod getResult -->
  <testcase classname="com.nt.servlet.TenantScripte" name="@BeforeMethod setup1" time="0.0">
    <skipped/>
  </testcase> <!-- @BeforeMethod setup1 -->
  <testcase classname="com.nt.servlet.TenantScripte" name="@AfterMethod getResult" time="0.0">
    <skipped/>
  </testcase> <!-- @AfterMethod getResult -->
  <testcase classname="com.nt.servlet.ExtendReportTestNG" name="VerifyaddNewTenants" time="0.0">
    <skipped/>
  </testcase> <!-- VerifyaddNewTenants -->
  <testcase classname="com.nt.servlet.ExtendReportTestNG" name="VerifyDialogboxForAddNewTenant" time="0.0">
    <skipped/>
  </testcase> <!-- VerifyDialogboxForAddNewTenant -->
  <testcase classname="com.nt.servlet.ExtendReportTestNG" name="VerifyMandatoryFieldForAddNewTenant" time="0.0">
    <skipped/>
  </testcase> <!-- VerifyMandatoryFieldForAddNewTenant -->
  <testcase classname="com.nt.servlet.ExtendReportTestNG" name="VerifycreateSystemUser" time="0.0">
    <skipped/>
  </testcase> <!-- VerifycreateSystemUser -->
  <testcase classname="com.nt.servlet.ExtendReportTestNG" name="VerifyMandatoryFieldForcreateSystemUser" time="0.0">
    <skipped/>
  </testcase> <!-- VerifyMandatoryFieldForcreateSystemUser -->
  <testcase classname="com.nt.servlet.ExtendReportTestNG" name="VerifyMismatchPasswordValidationForcreateSystemUser" time="0.0">
    <skipped/>
  </testcase> <!-- VerifyMismatchPasswordValidationForcreateSystemUser -->
  <testcase classname="com.nt.servlet.ExtendReportTestNG" name="VerifyEditSystemUser" time="0.0">
    <skipped/>
  </testcase> <!-- VerifyEditSystemUser -->
  <testcase classname="com.nt.servlet.ExtendReportTestNG" name="VerifyAboutPage" time="0.0">
    <skipped/>
  </testcase> <!-- VerifyAboutPage -->
  <testcase classname="com.nt.servlet.TenantScripte" name="uploadUser" time="0.0">
    <skipped/>
  </testcase> <!-- uploadUser -->
  <testcase classname="com.nt.servlet.TenantScripte" name="VerifyUploadUserButtonStatus" time="0.0">
    <skipped/>
  </testcase> <!-- VerifyUploadUserButtonStatus -->
  <testcase classname="com.nt.servlet.TenantScripte" name="assigningAgent" time="0.0">
    <skipped/>
  </testcase> <!-- assigningAgent -->
  <testcase classname="com.nt.servlet.TenantScripte" name="VerifyAgentName" time="0.0">
    <skipped/>
  </testcase> <!-- VerifyAgentName -->
  <testcase classname="com.nt.servlet.TenantScripte" name="deletingTenantuser" time="0.0">
    <skipped/>
  </testcase> <!-- deletingTenantuser -->
  <testcase classname="com.nt.servlet.TenantScripte" name="VerifyDeletePopup" time="0.0">
    <skipped/>
  </testcase> <!-- VerifyDeletePopup -->
  <testcase classname="com.nt.servlet.TenantScripte" name="requestTab" time="0.0">
    <skipped/>
  </testcase> <!-- requestTab -->
  <testcase classname="com.nt.servlet.TenantScripte" name="IncorrectChangePassword" time="0.0">
    <skipped/>
  </testcase> <!-- IncorrectChangePassword -->
  <testcase classname="com.nt.servlet.TenantScripte" name="IncorrectChangePasswordWithSmallLetter" time="0.0">
    <skipped/>
  </testcase> <!-- IncorrectChangePasswordWithSmallLetter -->
  <testcase classname="com.nt.servlet.TenantScripte" name="VerifyChangePasswordMismatch" time="0.0">
    <skipped/>
  </testcase> <!-- VerifyChangePasswordMismatch -->
  <testcase classname="com.nt.servlet.TenantScripte" name="invalidCredentialsLoginPage" time="0.001">
    <skipped/>
  </testcase> <!-- invalidCredentialsLoginPage -->
</testsuite> <!-- Test -->
